<?xml version="1.0" encoding="UTF-8"?>
<testng-results skipped="0" failed="0" total="2" passed="2">
  <reporter-output>
  </reporter-output>
  <suite name="Default suite" duration-ms="74921" started-at="2016-10-28T05:31:55Z" finished-at="2016-10-28T05:33:09Z">
    <groups>
    </groups>
    <test name="Default test" duration-ms="74921" started-at="2016-10-28T05:31:55Z" finished-at="2016-10-28T05:33:09Z">
      <class name="com.project.selenium.tests.ToolsStoreTest">
        <test-method status="PASS" signature="initDriver()[pri:0, instance:com.project.selenium.tests.ToolsStoreTest@4678c730]" name="initDriver" is-config="true" duration-ms="6722" started-at="2016-10-28T11:01:55Z" finished-at="2016-10-28T11:02:01Z">
          <reporter-output>
          </reporter-output>
        </test-method> <!-- initDriver -->
        <test-method status="PASS" signature="testToolsQA()[pri:0, instance:com.project.selenium.tests.ToolsStoreTest@4678c730]" name="testToolsQA" duration-ms="32003" started-at="2016-10-28T11:02:01Z" finished-at="2016-10-28T11:02:33Z">
          <reporter-output>
          </reporter-output>
        </test-method> <!-- testToolsQA -->
        <test-method status="PASS" signature="endDriver()[pri:0, instance:com.project.selenium.tests.ToolsStoreTest@4678c730]" name="endDriver" is-config="true" duration-ms="659" started-at="2016-10-28T11:02:33Z" finished-at="2016-10-28T11:02:34Z">
          <reporter-output>
          </reporter-output>
        </test-method> <!-- endDriver -->
        <test-method status="PASS" signature="initDriver()[pri:0, instance:com.project.selenium.tests.ToolsStoreTest@4678c730]" name="initDriver" is-config="true" duration-ms="6244" started-at="2016-10-28T11:02:34Z" finished-at="2016-10-28T11:02:40Z">
          <reporter-output>
          </reporter-output>
        </test-method> <!-- initDriver -->
        <test-method status="PASS" signature="testStoreQA()[pri:0, instance:com.project.selenium.tests.ToolsStoreTest@4678c730]" name="testStoreQA" duration-ms="28938" started-at="2016-10-28T11:02:40Z" finished-at="2016-10-28T11:03:09Z">
          <reporter-output>
          </reporter-output>
        </test-method> <!-- testStoreQA -->
        <test-method status="PASS" signature="endDriver()[pri:0, instance:com.project.selenium.tests.ToolsStoreTest@4678c730]" name="endDriver" is-config="true" duration-ms="339" started-at="2016-10-28T11:03:09Z" finished-at="2016-10-28T11:03:09Z">
          <reporter-output>
          </reporter-output>
        </test-method> <!-- endDriver -->
      </class> <!-- com.project.selenium.tests.ToolsStoreTest -->
    </test> <!-- Default test -->
  </suite> <!-- Default suite -->
</testng-results>
